g:\vs2015_projects\projects\genx11\genx11\x64\debug\genx11.pdb
g:\vs2015_projects\projects\genx11\genx11\fx\color.cso
g:\vs2015_projects\projects\genx11\x64\debug\genx11.lib
g:\vs2015_projects\projects\genx11\genx11\x64\debug\buffermanager.obj
g:\vs2015_projects\projects\genx11\genx11\x64\debug\camera.obj
g:\vs2015_projects\projects\genx11\genx11\x64\debug\core.obj
g:\vs2015_projects\projects\genx11\genx11\x64\debug\graphics.obj
g:\vs2015_projects\projects\genx11\genx11\x64\debug\input.obj
g:\vs2015_projects\projects\genx11\genx11\x64\debug\timer.obj
g:\vs2015_projects\projects\genx11\genx11\x64\debug\vector.obj
g:\vs2015_projects\projects\genx11\genx11\x64\debug\vertex.obj
g:\vs2015_projects\projects\genx11\genx11\x64\debug\genx11.idb
g:\vs2015_projects\projects\genx11\x64\debug\genx11.pdb
g:\vs2015_projects\projects\genx11\genx11\x64\debug\genx11.tlog\cl.command.1.tlog
g:\vs2015_projects\projects\genx11\genx11\x64\debug\genx11.tlog\cl.read.1.tlog
g:\vs2015_projects\projects\genx11\genx11\x64\debug\genx11.tlog\cl.write.1.tlog
g:\vs2015_projects\projects\genx11\genx11\x64\debug\genx11.tlog\fxc.command.1.tlog
g:\vs2015_projects\projects\genx11\genx11\x64\debug\genx11.tlog\fxc.read.1.tlog
g:\vs2015_projects\projects\genx11\genx11\x64\debug\genx11.tlog\fxc.write.1.tlog
g:\vs2015_projects\projects\genx11\genx11\x64\debug\genx11.tlog\genx11.write.1u.tlog
g:\vs2015_projects\projects\genx11\genx11\x64\debug\genx11.tlog\lib-link.read.1.tlog
g:\vs2015_projects\projects\genx11\genx11\x64\debug\genx11.tlog\lib-link.write.1.tlog
g:\vs2015_projects\projects\genx11\genx11\x64\debug\genx11.tlog\lib.command.1.tlog
